node : (node:36604) 
[MODULE_TYPELESS_PACKAGE_JSON] 
Warning: Module type of file:///C:/User
s/ankur/OneDrive/Desktop/Backend_Assign
ment/Server/server.js is not specified 
and it doesn't parse as CommonJS.
At line:1 char:1
+ node server.js *>&1 | Out-File 
-Encoding utf8 error_utf8.log
+ ~~~~~~~~~~~~~~~~~~~
    + CategoryInfo          : NotSpeci 
   fied: ((node:36604) [M...se as Com  
  monJS.:String) [], RemoteException
    + FullyQualifiedErrorId : NativeCo 
   mmandError
 
Reparsing as ES module because module 
syntax was detected. This incurs a 
performance overhead.
To eliminate this warning, add "type": 
"module" to C:\Users\ankur\OneDrive\Des
ktop\Backend_Assignment\Server\package.
json.
(Use `node --trace-warnings ...` to 
show where the warning was created)
[dotenv@17.3.1] injecting env (3) from .env -- tip: ΓÜÖ∩╕Å  suppress all logs with { quiet: true }
MongooseServerSelectionError: Could not connect to any servers in your MongoDB Atlas cluster. One common reason is that you're trying to access the database from an IP that isn't whitelisted. Make sure your current IP address is on your Atlas cluster's IP whitelist: https://www.mongodb.com/docs/atlas/security-whitelist/
    at _handleConnectionErrors (C:\Users\ankur\OneDrive\Desktop\Backend_Assignment\Server\node_modules\mongoose\lib\connection.js:1168:11)
    at NativeConnection.openUri (C:\Users\ankur\OneDrive\Desktop\Backend_Assignment\Server\node_modules\mongoose\lib\connection.js:1099:11) {
  errorLabelSet: Set(0) {},
  reason: TopologyDescription {
    type: 'ReplicaSetNoPrimary',
    servers: Map(3) {
      'ac-voncwsd-shard-00-00.fvfj7ls.mongodb.net:27017' => [ServerDescription],
      'ac-voncwsd-shard-00-01.fvfj7ls.mongodb.net:27017' => [ServerDescription],
      'ac-voncwsd-shard-00-02.fvfj7ls.mongodb.net:27017' => [ServerDescription]
    },
    stale: false,
    compatible: true,
    heartbeatFrequencyMS: 10000,
    localThresholdMS: 15,
    setName: 'atlas-cl1fxs-shard-0',
    maxElectionId: null,
    maxSetVersion: null,
    commonWireVersion: 0,
    logicalSessionTimeoutMinutes: null
  },
  code: undefined,
  cause: TopologyDescription {
    type: 'ReplicaSetNoPrimary',
    servers: Map(3) {
      'ac-voncwsd-shard-00-00.fvfj7ls.mongodb.net:27017' => [ServerDescription],
      'ac-voncwsd-shard-00-01.fvfj7ls.mongodb.net:27017' => [ServerDescription],
      'ac-voncwsd-shard-00-02.fvfj7ls.mongodb.net:27017' => [ServerDescription]
    },
    stale: false,
    compatible: true,
    heartbeatFrequencyMS: 10000,
    localThresholdMS: 15,
    setName: 'atlas-cl1fxs-shard-0',
    maxElectionId: null,
    maxSetVersion: null,
    commonWireVersion: 0,
    logicalSessionTimeoutMinutes: null
  }
}
